#
# There is insufficient memory for the Java Runtime Environment to continue.
# Native memory allocation (mmap) failed to map 132120576 bytes for G1 virtual space
# Possible reasons:
#   The system is out of physical RAM or swap space
#   The process is running with CompressedOops enabled, and the Java Heap may be blocking the growth of the native heap
# Possible solutions:
#   Reduce memory load on the system
#   Increase physical memory or swap space
#   Check if swap backing store is full
#   Decrease Java heap size (-Xmx/-Xms)
#   Decrease number of Java threads
#   Decrease Java thread stack sizes (-Xss)
#   Set larger code cache with -XX:ReservedCodeCacheSize=
#   JVM is running with Unscaled Compressed Oops mode in which the Java heap is
#     placed in the first 4GB address space. The Java Heap base address is the
#     maximum limit for the native heap growth. Please use -XX:HeapBaseMinAddress
#     to set the Java Heap base and to place the Java Heap above 4GB virtual address.
# This output file may be truncated or incomplete.
#
#  Out of Memory Error (os_windows.cpp:3769), pid=8000, tid=13036
#
# JRE version:  (17.0.6) (build )
# Java VM: OpenJDK 64-Bit Server VM (17.0.6+0-b2043.56-9586694, mixed mode, sharing, tiered, compressed oops, compressed class ptrs, g1 gc, windows-amd64)
# No core dump will be written. Minidumps are not enabled by default on client versions of Windows
#

---------------  S U M M A R Y ------------

Command Line: 

Host: Intel(R) Core(TM) i5-8250U CPU @ 1.60GHz, 8 cores, 7G,  Windows 10 , 64 bit Build 19041 (10.0.19041.3155)
Time: Thu Sep 28 18:55:21 2023 India Standard Time elapsed time: 0.051084 seconds (0d 0h 0m 0s)

---------------  T H R E A D  ---------------

Current thread (0x0000024b112ca470):  JavaThread "Unknown thread" [_thread_in_vm, id=13036, stack(0x000000a9fbe00000,0x000000a9fbf00000)]

Stack: [0x000000a9fbe00000,0x000000a9fbf00000]
Native frames: (J=compiled Java code, j=interpreted, Vv=VM code, C=native code)
V  [jvm.dll+0x683b4a]
V  [jvm.dll+0x842654]
V  [jvm.dll+0x843dfe]
V  [jvm.dll+0x844463]
V  [jvm.dll+0x249b75]
V  [jvm.dll+0x680a19]
V  [jvm.dll+0x674f0a]
V  [jvm.dll+0x309acb]
V  [jvm.dll+0x310f86]
V  [jvm.dll+0x3608ee]
V  [jvm.dll+0x360b1f]
V  [jvm.dll+0x2dfbf8]
V  [jvm.dll+0x2e0b64]
V  [jvm.dll+0x813f41]
V  [jvm.dll+0x36e6a1]
V  [jvm.dll+0x7f347c]
V  [jvm.dll+0x3f0e8f]
V  [jvm.dll+0x3f29d1]
C  [jli.dll+0x526b]
C  [ucrtbase.dll+0x21bb2]
C  [KERNEL32.DLL+0x17614]
C  [ntdll.dll+0x526b1]


---------------  P R O C E S S  ---------------

Threads class SMR info:
_java_thread_list=0x00007ffd4f20c058, length=0, elements={
}

Java Threads: ( => current thread )

Other Threads:
  0x0000024b11323d30 GCTaskThread "GC Thread#0" [stack: 0x000000a9fbf00000,0x000000a9fc000000] [id=7052]
  0x0000024b11335780 ConcurrentGCThread "G1 Main Marker" [stack: 0x000000a9fc000000,0x000000a9fc100000] [id=16124]
  0x0000024b11336830 ConcurrentGCThread "G1 Conc#0" [stack: 0x000000a9fc100000,0x000000a9fc200000] [id=16492]

[error occurred during error reporting (printing all threads), id 0xc0000005, EXCEPTION_ACCESS_VIOLATION (0xc0000005) at pc=0x00007ffd4e9c0797]

VM state: not at safepoint (not fully initialized)

VM Mutex/Monitor currently owned by a thread:  ([mutex/lock_event])
[0x0000024b112c7880] Heap_lock - owner thread: 0x0000024b112ca470

Heap address: 0x0000000082000000, size: 2016 MB, Compressed Oops mode: 32-bit

CDS archive(s) mapped at: [0x0000000000000000-0x0000000000000000-0x0000000000000000), size 0, SharedBaseAddress: 0x0000000800000000, ArchiveRelocationMode: 0.
Narrow klass base: 0x0000000000000000, Narrow klass shift: 0, Narrow klass range: 0x0

GC Precious Log:
<Empty>

Heap:
 garbage-first heap   total 0K, used 0K [0x0000000082000000, 0x0000000100000000)
  region size 1024K, 0 young (0K), 0 survivors (0K)

[error occurred during error reporting (printing heap information), id 0xc0000005, EXCEPTION_ACCESS_VIOLATION (0xc0000005) at pc=0x00007ffd4edad939]

GC Heap History (0 events):
No events

Dll operation events (1 events):
Event: 0.025 Loaded shared library C:\Program Files\Android\Android Studio\jbr\bin\java.dll

Deoptimization events (0 events):
No events

Classes unloaded (0 events):
No events

Classes redefined (0 events):
No events

Internal exceptions (0 events):
No events

VM Operations (0 events):
No events

Events (0 events):
No events


Dynamic libraries:
0x00007ff6f6420000 - 0x00007ff6f642a000 	C:\Program Files\Android\Android Studio\jbr\bin\java.EXE
0x00007ffdabff0000 - 0x00007ffdac1e8000 	C:\Windows\SYSTEM32\ntdll.dll
0x00007ffdab990000 - 0x00007ffdaba4f000 	C:\Windows\System32\KERNEL32.DLL
0x00007ffda9c40000 - 0x00007ffda9f36000 	C:\Windows\System32\KERNELBASE.dll
0x00007ffda99e0000 - 0x00007ffda9ae0000 	C:\Windows\System32\ucrtbase.dll
0x00007ffda3490000 - 0x00007ffda34a7000 	C:\Program Files\Android\Android Studio\jbr\bin\jli.dll
0x00007ffda31a0000 - 0x00007ffda31bb000 	C:\Program Files\Android\Android Studio\jbr\bin\VCRUNTIME140.dll
0x00007ffdaaee0000 - 0x00007ffdab07d000 	C:\Windows\System32\USER32.dll
0x00007ffda9f40000 - 0x00007ffda9f62000 	C:\Windows\System32\win32u.dll
0x00007ffdaa360000 - 0x00007ffdaa38c000 	C:\Windows\System32\GDI32.dll
0x00007ffda96d0000 - 0x00007ffda97e5000 	C:\Windows\System32\gdi32full.dll
0x00007ffda97f0000 - 0x00007ffda988d000 	C:\Windows\System32\msvcp_win.dll
0x00007ffd8fe50000 - 0x00007ffd900ea000 	C:\Windows\WinSxS\amd64_microsoft.windows.common-controls_6595b64144ccf1df_6.0.19041.1110_none_60b5254171f9507e\COMCTL32.dll
0x00007ffdab080000 - 0x00007ffdab11e000 	C:\Windows\System32\msvcrt.dll
0x00007ffdaa4f0000 - 0x00007ffdaa520000 	C:\Windows\System32\IMM32.DLL
0x00007ffda1b90000 - 0x00007ffda1b9c000 	C:\Program Files\Android\Android Studio\jbr\bin\vcruntime140_1.dll
0x00007ffd7a9c0000 - 0x00007ffd7aa4d000 	C:\Program Files\Android\Android Studio\jbr\bin\msvcp140.dll
0x00007ffd4e6d0000 - 0x00007ffd4f33d000 	C:\Program Files\Android\Android Studio\jbr\bin\server\jvm.dll
0x00007ffdaa390000 - 0x00007ffdaa43f000 	C:\Windows\System32\ADVAPI32.dll
0x00007ffdaab40000 - 0x00007ffdaabdc000 	C:\Windows\System32\sechost.dll
0x00007ffdaa5a0000 - 0x00007ffdaa6c6000 	C:\Windows\System32\RPCRT4.dll
0x00007ffd95d90000 - 0x00007ffd95db7000 	C:\Windows\SYSTEM32\WINMM.dll
0x00007ffda2630000 - 0x00007ffda263a000 	C:\Windows\SYSTEM32\VERSION.dll
0x00007ffd9e080000 - 0x00007ffd9e089000 	C:\Windows\SYSTEM32\WSOCK32.dll
0x00007ffdaac50000 - 0x00007ffdaacbb000 	C:\Windows\System32\WS2_32.dll
0x00007ffda7760000 - 0x00007ffda7772000 	C:\Windows\SYSTEM32\kernel.appcore.dll
0x00007ffd97260000 - 0x00007ffd9726a000 	C:\Program Files\Android\Android Studio\jbr\bin\jimage.dll
0x00007ffda7460000 - 0x00007ffda7644000 	C:\Windows\SYSTEM32\DBGHELP.DLL
0x00007ffd92860000 - 0x00007ffd92894000 	C:\Windows\SYSTEM32\dbgcore.DLL
0x00007ffda9fc0000 - 0x00007ffdaa042000 	C:\Windows\System32\bcryptPrimitives.dll
0x00007ffd64460000 - 0x00007ffd64485000 	C:\Program Files\Android\Android Studio\jbr\bin\java.dll

dbghelp: loaded successfully - version: 4.0.5 - missing functions: none
symbol engine: initialized successfully - sym options: 0x614 - pdb path: .;C:\Program Files\Android\Android Studio\jbr\bin;C:\Windows\SYSTEM32;C:\Windows\WinSxS\amd64_microsoft.windows.common-controls_6595b64144ccf1df_6.0.19041.1110_none_60b5254171f9507e;C:\Program Files\Android\Android Studio\jbr\bin\server

VM Arguments:
java_command: <unknown>
java_class_path (initial): <not set>
Launcher Type: SUN_STANDARD

[Global flags]
     intx CICompilerCount                          = 4                                         {product} {ergonomic}
     uint ConcGCThreads                            = 2                                         {product} {ergonomic}
     uint G1ConcRefinementThreads                  = 8                                         {product} {ergonomic}
   size_t G1HeapRegionSize                         = 1048576                                   {product} {ergonomic}
    uintx GCDrainStackTargetSize                   = 64                                        {product} {ergonomic}
   size_t InitialHeapSize                          = 132120576                                 {product} {ergonomic}
   size_t MarkStackSize                            = 4194304                                   {product} {ergonomic}
   size_t MaxHeapSize                              = 2113929216                                {product} {ergonomic}
   size_t MinHeapDeltaBytes                        = 1048576                                   {product} {ergonomic}
   size_t MinHeapSize                              = 8388608                                   {product} {ergonomic}
    uintx NonNMethodCodeHeapSize                   = 5839372                                {pd product} {ergonomic}
    uintx NonProfiledCodeHeapSize                  = 122909434                              {pd product} {ergonomic}
    uintx ProfiledCodeHeapSize                     = 122909434                              {pd product} {ergonomic}
    uintx ReservedCodeCacheSize                    = 251658240                              {pd product} {ergonomic}
     bool SegmentedCodeCache                       = true                                      {product} {ergonomic}
   size_t SoftMaxHeapSize                          = 2113929216                             {manageable} {ergonomic}
     bool UseCompressedClassPointers               = true                           {product lp64_product} {ergonomic}
     bool UseCompressedOops                        = true                           {product lp64_product} {ergonomic}
     bool UseG1GC                                  = true                                      {product} {ergonomic}
     bool UseLargePagesIndividualAllocation        = false                                  {pd product} {ergonomic}

Logging:
Log output configuration:
 #0: stdout all=warning uptime,level,tags
 #1: stderr all=off uptime,level,tags

Environment Variables:
PATH=C:\Windows\system32;C:\Windows;C:\Windows\System32\Wbem;C:\Windows\System32\WindowsPowerShell\v1.0\;C:\Windows\System32\OpenSSH\;C:\flutter src(1)\flutter;C:\Program Files\Git1\cmd;C:\Program Files\Git1\bin;C:\Users\Excel\AppData\Local\Microsoft\WindowsApps;;C:\flutter src\flutter\bin\mingit\cmd
USERNAME=Excel
OS=Windows_NT
PROCESSOR_IDENTIFIER=Intel64 Family 6 Model 142 Stepping 10, GenuineIntel
TMP=C:\Users\Excel\AppData\Local\Temp
TEMP=C:\Users\Excel\AppData\Local\Temp



---------------  S Y S T E M  ---------------

OS:
 Windows 10 , 64 bit Build 19041 (10.0.19041.3155)
OS uptime: 4 days 0:49 hours

CPU: total 8 (initial active 8) (4 cores per cpu, 2 threads per core) family 6 model 142 stepping 10 microcode 0xca, cx8, cmov, fxsr, ht, mmx, 3dnowpref, sse, sse2, sse3, ssse3, sse4.1, sse4.2, popcnt, lzcnt, tsc, tscinvbit, avx, avx2, aes, erms, clmul, bmi1, bmi2, adx, fma, vzeroupper, clflush, clflushopt

Memory: 4k page, system-wide physical 8056M (340M free)
TotalPageFile size 32632M (AvailPageFile size 69M)
current process WorkingSet (physical memory assigned to process): 10M, peak: 10M
current process commit charge ("private bytes"): 60M, peak: 186M

vm_info: OpenJDK 64-Bit Server VM (17.0.6+0-b2043.56-9586694) for windows-amd64 JRE (17.0.6+0-b2043.56-9586694), built on Feb  9 2023 20:06:20 by "androidbuild" with MS VC++ 16.10 / 16.11 (VS2019)

END.
